<?xml version="1.0" encoding="UTF-8"?>
<testsuite xmlns:xsi="http://www.w3.org/2001/XMLSchema-instance" xsi:noNamespaceSchemaLocation="https://maven.apache.org/surefire/maven-surefire-plugin/xsd/surefire-test-report.xsd" name="com.shahed.vehicles.TestVehicle" time="0.037" tests="2" errors="0" skipped="0" failures="0">
  <properties>
[...]
</properties>
  <testcase name="testgetName" classname="com.shahed.vehicles.TestVehicle" time="0.029"/>
  <testcase name="testEquals" classname="com.shahed.vehicles.TestVehicle" time="0.001"/>
</testsuite>